<?xml version="1.0" encoding="UTF-8"?>
<!-- Generated by org.testng.reporters.JUnitXMLReporter -->
<testsuite hostname="DESKTOP-Q4DJ4GC" name="Test" tests="1" failures="1" timestamp="12 May 2020 12:57:24 GMT" time="21.166" errors="0">
  <testcase name="login" time="10.892" classname="com.bayer.digitalfarming.frontend.selenium.testcases.AccessAmazon">
    <failure type="java.lang.AssertionError" message="Unable to locate the element: &amp;lt;/br&amp;gt;&amp;lt;font color=red&amp;gt;home :-  xpath=//a[contains(text()&amp;lt;/font&amp;gt;">
      <![CDATA[java.lang.AssertionError: Unable to locate the element: </br><font color=red>home :-  xpath=//a[contains(text()</font>
	at com.bayer.digitalfarming.frontend.selenium.utils.handlers.BaseHandler.findElement(BaseHandler.java:104)
	at com.bayer.digitalfarming.frontend.selenium.utils.handlers.ElementHandler.clickElement(ElementHandler.java:35)
	at com.bayer.digitalfarming.frontend.selenium.pages.AmazonHomePage.clkHome(AmazonHomePage.java:46)
	at com.bayer.digitalfarming.frontend.selenium.testcases.AccessAmazon.login(AccessAmazon.java:18)
... Removed 25 stack frames]]>
    </failure>
  </testcase> <!-- login -->
</testsuite> <!-- Test -->
